<?xml version="1.0" encoding="UTF-8"?>
<testng-results ignored="0" total="1" passed="1" failed="0" skipped="0">
  <reporter-output>
  </reporter-output>
  <suite started-at="2024-12-29T21:34:32 NPT" name="Default suite" finished-at="2024-12-29T21:34:42 NPT" duration-ms="9475">
    <groups>
    </groups>
    <test started-at="2024-12-29T21:34:32 NPT" name="Default test" finished-at="2024-12-29T21:34:42 NPT" duration-ms="9475">
      <class name="testCases.tc001_AccountRegTest">
        <test-method is-config="true" signature="setup()[pri:0, instance:testCases.tc001_AccountRegTest@7a527389]" started-at="2024-12-29T21:34:32 NPT" name="setup" finished-at="2024-12-29T21:34:38 NPT" duration-ms="5170" status="PASS">
          <reporter-output>
          </reporter-output>
        </test-method> <!-- setup -->
        <test-method signature="verify_acc_reg()[pri:0, instance:testCases.tc001_AccountRegTest@7a527389]" started-at="2024-12-29T21:34:38 NPT" name="verify_acc_reg" finished-at="2024-12-29T21:34:41 NPT" duration-ms="3948" status="PASS">
          <reporter-output>
          </reporter-output>
        </test-method> <!-- verify_acc_reg -->
        <test-method is-config="true" signature="tearDown()[pri:0, instance:testCases.tc001_AccountRegTest@7a527389]" started-at="2024-12-29T21:34:41 NPT" name="tearDown" finished-at="2024-12-29T21:34:42 NPT" duration-ms="285" status="PASS">
          <reporter-output>
          </reporter-output>
        </test-method> <!-- tearDown -->
      </class> <!-- testCases.tc001_AccountRegTest -->
    </test> <!-- Default test -->
  </suite> <!-- Default suite -->
</testng-results>
